{
  "RSpec": {
    "coverage": {
      "/Users/thomasikimi/Desktop/projects/tech_tests/bank/spec/account_spec.rb": [
        1,
        1,
        1,
        null,
        1,
        1,
        1,
        1,
        1,
        null,
        null,
        1,
        1,
        1,
        null,
        null
      ],
      "/Users/thomasikimi/Desktop/projects/tech_tests/bank/lib/account.rb": [
        1,
        1,
        null,
        1,
        1,
        1,
        null,
        1,
        9,
        9,
        9,
        null,
        null,
        1,
        1,
        3,
        null,
        null
      ],
      "/Users/thomasikimi/Desktop/projects/tech_tests/bank/lib/transaction.rb": [
        1,
        1,
        null,
        1,
        1,
        1,
        null,
        1,
        10,
        10,
        10,
        10,
        10,
        null,
        null
      ],
      "/Users/thomasikimi/Desktop/projects/tech_tests/bank/lib/atm.rb": [
        1,
        1,
        null,
        1,
        1,
        null,
        1,
        6,
        null,
        null,
        1,
        6,
        6,
        6,
        6,
        6,
        null,
        null,
        1,
        3,
        3,
        3,
        3,
        3,
        null,
        null,
        1,
        9,
        9,
        9,
        null,
        null,
        1,
        1,
        null,
        null
      ],
      "/Users/thomasikimi/Desktop/projects/tech_tests/bank/spec/atm_spec.rb": [
        1,
        1,
        1,
        null,
        1,
        1,
        1,
        1,
        1,
        1,
        null,
        null,
        1,
        1,
        1,
        1,
        1,
        1,
        null,
        null,
        1,
        1,
        1,
        1,
        1,
        1,
        null,
        null
      ],
      "/Users/thomasikimi/Desktop/projects/tech_tests/bank/spec/transaction_spec.rb": [
        1,
        1,
        1,
        null,
        1,
        1,
        1,
        1,
        1,
        null,
        null,
        1,
        1,
        1,
        1,
        1,
        1,
        null,
        null,
        1,
        1,
        1,
        1,
        1,
        1,
        1,
        null,
        null,
        1,
        1,
        1,
        1,
        1,
        null,
        null
      ]
    },
    "timestamp": 1509380451
  }
}
